#
# There is insufficient memory for the Java Runtime Environment to continue.
# Native memory allocation (mmap) failed to map 33554432 bytes for Failed to commit area from 0x00000007ba000000 to 0x00000007bc000000 of length 33554432.
# Possible reasons:
#   The system is out of physical RAM or swap space
#   The process is running with CompressedOops enabled, and the Java Heap may be blocking the growth of the native heap
# Possible solutions:
#   Reduce memory load on the system
#   Increase physical memory or swap space
#   Check if swap backing store is full
#   Decrease Java heap size (-Xmx/-Xms)
#   Decrease number of Java threads
#   Decrease Java thread stack sizes (-Xss)
#   Set larger code cache with -XX:ReservedCodeCacheSize=
#   JVM is running with Zero Based Compressed Oops mode in which the Java heap is
#     placed in the first 32GB address space. The Java Heap base address is the
#     maximum limit for the native heap growth. Please use -XX:HeapBaseMinAddress
#     to set the Java Heap base and to place the Java Heap above 32GB virtual address.
# This output file may be truncated or incomplete.
#
#  Out of Memory Error (os_windows.cpp:3371), pid=11976, tid=0x0000000000002d9c
#
# JRE version: Java(TM) SE Runtime Environment (8.0_202-b08) (build 1.8.0_202-b08)
# Java VM: Java HotSpot(TM) 64-Bit Server VM (25.202-b08 mixed mode windows-amd64 compressed oops)
# Failed to write core dump. Minidumps are not enabled by default on client versions of Windows
#

---------------  T H R E A D  ---------------

Current thread (0x000000000227d800):  VMThread [stack: 0x000000001cdc0000,0x000000001cec0000] [id=11676]

Stack: [0x000000001cdc0000,0x000000001cec0000]
[error occurred during error reporting (printing stack bounds), id 0xc0000005]

Native frames: (J=compiled Java code, j=interpreted, Vv=VM code, C=native code)

VM_Operation (0x000000002245d830): G1IncCollectionPause, mode: safepoint, requested by thread 0x0000000020c36000


---------------  P R O C E S S  ---------------

Java Threads: ( => current thread )
  0x000000001f2f6800 JavaThread "Snooper Timer" daemon [_thread_blocked, id=10496, stack(0x00000000256f0000,0x00000000257f0000)]
  0x000000002343f000 JavaThread "Timer hack thread" daemon [_thread_blocked, id=11792, stack(0x00000000243e0000,0x00000000244e0000)]
  0x000000001f174000 JavaThread "Worker-Bootstrap-3" daemon [_thread_blocked, id=5980, stack(0x00000000224d0000,0x00000000225d0000)]
  0x000000001f366800 JavaThread "Worker-Bootstrap-2" daemon [_thread_blocked, id=11708, stack(0x000000001f8e0000,0x000000001f9e0000)]
  0x0000000020c36000 JavaThread "Worker-Bootstrap-1" daemon [_thread_blocked, id=11888, stack(0x0000000022360000,0x0000000022460000)]
  0x000000001c2f9800 JavaThread "Service Thread" daemon [_thread_blocked, id=11980, stack(0x000000001d6f0000,0x000000001d7f0000)]
  0x000000001c270800 JavaThread "C1 CompilerThread2" daemon [_thread_blocked, id=4404, stack(0x000000001d910000,0x000000001da10000)]
  0x000000001c266000 JavaThread "C2 CompilerThread1" daemon [_thread_blocked, id=6468, stack(0x000000001d800000,0x000000001d900000)]
  0x000000001c261800 JavaThread "C2 CompilerThread0" daemon [_thread_blocked, id=12088, stack(0x000000001d2a0000,0x000000001d3a0000)]
  0x000000001c260800 JavaThread "Attach Listener" daemon [_thread_blocked, id=11776, stack(0x000000001d5d0000,0x000000001d6d0000)]
  0x000000001c260000 JavaThread "Signal Dispatcher" daemon [_thread_blocked, id=10392, stack(0x000000001d420000,0x000000001d520000)]
  0x000000001c25b000 JavaThread "Surrogate Locker Thread (Concurrent GC)" daemon [_thread_blocked, id=11724, stack(0x000000001d160000,0x000000001d260000)]
  0x0000000019a7d800 JavaThread "Finalizer" daemon [_thread_blocked, id=7216, stack(0x000000001cf10000,0x000000001d010000)]
  0x000000000227f000 JavaThread "Reference Handler" daemon [_thread_blocked, id=11372, stack(0x000000001d020000,0x000000001d120000)]
  0x00000000021bc000 JavaThread "Render thread" [_thread_blocked, id=11288, stack(0x0000000002560000,0x0000000002660000)]

Other Threads:
=>0x000000000227d800 VMThread [stack: 0x000000001cdc0000,0x000000001cec0000] [id=11676]
  0x000000001c2fb000 WatcherThread [stack: 0x000000001dac0000,0x000000001dbc0000] [id=5108]

VM state:at safepoint (normal execution)

VM Mutex/Monitor currently owned by a thread:  ([mutex/lock_event])
[0x00000000021b9080] Threads_lock - owner thread: 0x000000000227d800
[0x00000000021b9580] Heap_lock - owner thread: 0x0000000020c36000

heap address: 0x0000000714000000, size: 2752 MB, Compressed Oops mode: Zero based, Oop shift amount: 3
Narrow klass base: 0x0000000000000000, Narrow klass shift: 3
Compressed class space size: 1073741824 Address: 0x00000007c0000000

Heap:
 garbage-first heap   total 2752512K, used 216120K [0x0000000714000000, 0x00000007160002a0, 0x00000007c0000000)
  region size 32768K, 1 young (32768K), 1 survivors (32768K)
 Metaspace       used 50387K, capacity 53790K, committed 54088K, reserved 1097728K
  class space    used 5679K, capacity 6721K, committed 6728K, reserved 1048576K

Heap Regions: (Y=young(eden), SU=young(survivor), HS=humongous(starts), HC=humongous(continues), CS=collection set, F=free, TS=gc time stamp, PTAMS=previous top-at-mark-start, NTAMS=next top-at-mark-start)
AC   0  O    TS    23 PTAMS 0x0000000714000000 NTAMS 0x0000000714000000 space 32768K,  85% used [0x0000000714000000, 0x0000000716000000)
AC   0  O    TS     1 PTAMS 0x0000000716f0a200 NTAMS 0x0000000716f0a200 space 32768K, 100% used [0x0000000716000000, 0x0000000718000000)
AC   0  F    TS     0 PTAMS 0x0000000718000000 NTAMS 0x0000000718000000 space 32768K,   0% used [0x0000000718000000, 0x000000071a000000)
AC   0  F    TS     0 PTAMS 0x000000071a000000 NTAMS 0x000000071a000000 space 32768K,   0% used [0x000000071a000000, 0x000000071c000000)
AC   0  F    TS     0 PTAMS 0x000000071c000000 NTAMS 0x000000071c000000 space 32768K,   0% used [0x000000071c000000, 0x000000071e000000)
AC   0  O    TS     0 PTAMS 0x0000000720000000 NTAMS 0x0000000720000000 space 32768K, 100% used [0x000000071e000000, 0x0000000720000000)
AC   0  F    TS     0 PTAMS 0x0000000720000000 NTAMS 0x0000000720000000 space 32768K,   0% used [0x0000000720000000, 0x0000000722000000)
AC   0  O    TS     0 PTAMS 0x0000000724000000 NTAMS 0x0000000724000000 space 32768K, 100% used [0x0000000722000000, 0x0000000724000000)
AC   0  O    TS     0 PTAMS 0x0000000726000000 NTAMS 0x0000000726000000 space 32768K, 100% used [0x0000000724000000, 0x0000000726000000)
AC   0  O    TS     0 PTAMS 0x0000000728000000 NTAMS 0x0000000728000000 space 32768K, 100% used [0x0000000726000000, 0x0000000728000000)
AC   0  F    TS     0 PTAMS 0x0000000728000000 NTAMS 0x0000000728000000 space 32768K,   0% used [0x0000000728000000, 0x000000072a000000)
AC   0  F    TS     0 PTAMS 0x000000072a000000 NTAMS 0x000000072a000000 space 32768K,   0% used [0x000000072a000000, 0x000000072c000000)
AC   0  F    TS     0 PTAMS 0x000000072c000000 NTAMS 0x000000072c000000 space 32768K,   0% used [0x000000072c000000, 0x000000072e000000)
AC   0  F    TS     0 PTAMS 0x000000072e000000 NTAMS 0x000000072e000000 space 32768K,   0% used [0x000000072e000000, 0x0000000730000000)
AC   0  F    TS     0 PTAMS 0x0000000730000000 NTAMS 0x0000000730000000 space 32768K,   0% used [0x0000000730000000, 0x0000000732000000)
AC   0  F    TS     0 PTAMS 0x0000000732000000 NTAMS 0x0000000732000000 space 32768K,   0% used [0x0000000732000000, 0x0000000734000000)
AC   0  F    TS     0 PTAMS 0x0000000734000000 NTAMS 0x0000000734000000 space 32768K,   0% used [0x0000000734000000, 0x0000000736000000)
AC   0  F    TS     0 PTAMS 0x0000000736000000 NTAMS 0x0000000736000000 space 32768K,   0% used [0x0000000736000000, 0x0000000738000000)
AC   0  F    TS     0 PTAMS 0x0000000738000000 NTAMS 0x0000000738000000 space 32768K,   0% used [0x0000000738000000, 0x000000073a000000)
AC   0  F    TS     0 PTAMS 0x000000073a000000 NTAMS 0x000000073a000000 space 32768K,   0% used [0x000000073a000000, 0x000000073c000000)
AC   0  F    TS     0 PTAMS 0x000000073c000000 NTAMS 0x000000073c000000 space 32768K,   0% used [0x000000073c000000, 0x000000073e000000)
AC   0  F    TS     0 PTAMS 0x000000073e000000 NTAMS 0x000000073e000000 space 32768K,   0% used [0x000000073e000000, 0x0000000740000000)
AC   0  F    TS     0 PTAMS 0x0000000740000000 NTAMS 0x0000000740000000 space 32768K,   0% used [0x0000000740000000, 0x0000000742000000)
AC   0  F    TS     0 PTAMS 0x0000000742000000 NTAMS 0x0000000742000000 space 32768K,   0% used [0x0000000742000000, 0x0000000744000000)
AC   0  F    TS     0 PTAMS 0x0000000744000000 NTAMS 0x0000000744000000 space 32768K,   0% used [0x0000000744000000, 0x0000000746000000)
AC   0  F    TS     0 PTAMS 0x0000000746000000 NTAMS 0x0000000746000000 space 32768K,   0% used [0x0000000746000000, 0x0000000748000000)
AC   0  F    TS     0 PTAMS 0x0000000748000000 NTAMS 0x0000000748000000 space 32768K,   0% used [0x0000000748000000, 0x000000074a000000)
AC   0  F    TS     0 PTAMS 0x000000074a000000 NTAMS 0x000000074a000000 space 32768K,   0% used [0x000000074a000000, 0x000000074c000000)
AC   0  F    TS     0 PTAMS 0x000000074c000000 NTAMS 0x000000074c000000 space 32768K,   0% used [0x000000074c000000, 0x000000074e000000)
AC   0  F    TS     0 PTAMS 0x000000074e000000 NTAMS 0x000000074e000000 space 32768K,   0% used [0x000000074e000000, 0x0000000750000000)
AC   0  F    TS     1 PTAMS 0x0000000750000000 NTAMS 0x0000000750000000 space 32768K,   0% used [0x0000000750000000, 0x0000000752000000)
AC   0  F    TS     0 PTAMS 0x0000000752000000 NTAMS 0x0000000752000000 space 32768K,   0% used [0x0000000752000000, 0x0000000754000000)
AC   0  F    TS     0 PTAMS 0x0000000754000000 NTAMS 0x0000000754000000 space 32768K,   0% used [0x0000000754000000, 0x0000000756000000)
AC   0  F    TS     0 PTAMS 0x0000000756000000 NTAMS 0x0000000756000000 space 32768K,   0% used [0x0000000756000000, 0x0000000758000000)
AC   0  F    TS     1 PTAMS 0x0000000758000000 NTAMS 0x0000000758000000 space 32768K,   0% used [0x0000000758000000, 0x000000075a000000)
AC   0  F    TS     1 PTAMS 0x000000075a000000 NTAMS 0x000000075a000000 space 32768K,   0% used [0x000000075a000000, 0x000000075c000000)
AC   0  F    TS     1 PTAMS 0x000000075c000000 NTAMS 0x000000075c000000 space 32768K,   0% used [0x000000075c000000, 0x000000075e000000)
AC   0  F    TS     1 PTAMS 0x000000075e000000 NTAMS 0x000000075e000000 space 32768K,   0% used [0x000000075e000000, 0x0000000760000000)
AC   0  F    TS     1 PTAMS 0x0000000760000000 NTAMS 0x0000000760000000 space 32768K,   0% used [0x0000000760000000, 0x0000000762000000)
AC   0  F    TS     1 PTAMS 0x0000000762000000 NTAMS 0x0000000762000000 space 32768K,   0% used [0x0000000762000000, 0x0000000764000000)
AC   0  F    TS     1 PTAMS 0x0000000764000000 NTAMS 0x0000000764000000 space 32768K,   0% used [0x0000000764000000, 0x0000000766000000)
AC   0  F    TS     3 PTAMS 0x0000000766000000 NTAMS 0x0000000766000000 space 32768K,   0% used [0x0000000766000000, 0x0000000768000000)
AC   0  F    TS     1 PTAMS 0x0000000768000000 NTAMS 0x0000000768000000 space 32768K,   0% used [0x0000000768000000, 0x000000076a000000)
AC   0  F    TS     1 PTAMS 0x000000076a000000 NTAMS 0x000000076a000000 space 32768K,   0% used [0x000000076a000000, 0x000000076c000000)
AC   0  F    TS     1 PTAMS 0x000000076c000000 NTAMS 0x000000076c000000 space 32768K,   0% used [0x000000076c000000, 0x000000076e000000)
AC   0  F    TS     3 PTAMS 0x000000076e000000 NTAMS 0x000000076e000000 space 32768K,   0% used [0x000000076e000000, 0x0000000770000000)
AC   0  F    TS     3 PTAMS 0x0000000770000000 NTAMS 0x0000000770000000 space 32768K,   0% used [0x0000000770000000, 0x0000000772000000)
AC   0  F    TS     3 PTAMS 0x0000000772000000 NTAMS 0x0000000772000000 space 32768K,   0% used [0x0000000772000000, 0x0000000774000000)
AC   0  F    TS     3 PTAMS 0x0000000774000000 NTAMS 0x0000000774000000 space 32768K,   0% used [0x0000000774000000, 0x0000000776000000)
AC   0  F    TS     3 PTAMS 0x0000000776000000 NTAMS 0x0000000776000000 space 32768K,   0% used [0x0000000776000000, 0x0000000778000000)
AC   0  F    TS     5 PTAMS 0x0000000778000000 NTAMS 0x0000000778000000 space 32768K,   0% used [0x0000000778000000, 0x000000077a000000)
AC   0  F    TS     3 PTAMS 0x000000077a000000 NTAMS 0x000000077a000000 space 32768K,   0% used [0x000000077a000000, 0x000000077c000000)
AC   0  F    TS     3 PTAMS 0x000000077c000000 NTAMS 0x000000077c000000 space 32768K,   0% used [0x000000077c000000, 0x000000077e000000)
AC   0  F    TS     3 PTAMS 0x000000077e000000 NTAMS 0x000000077e000000 space 32768K,   0% used [0x000000077e000000, 0x0000000780000000)
AC   0  F    TS     5 PTAMS 0x0000000780000000 NTAMS 0x0000000780000000 space 32768K,   0% used [0x0000000780000000, 0x0000000782000000)
AC   0  F    TS     5 PTAMS 0x0000000782000000 NTAMS 0x0000000782000000 space 32768K,   0% used [0x0000000782000000, 0x0000000784000000)
AC   0  F    TS     5 PTAMS 0x0000000784000000 NTAMS 0x0000000784000000 space 32768K,   0% used [0x0000000784000000, 0x0000000786000000)
AC   0  F    TS     7 PTAMS 0x0000000786000000 NTAMS 0x0000000786000000 space 32768K,   0% used [0x0000000786000000, 0x0000000788000000)
AC   0  F    TS     5 PTAMS 0x0000000788000000 NTAMS 0x0000000788000000 space 32768K,   0% used [0x0000000788000000, 0x000000078a000000)
AC   0  F    TS     5 PTAMS 0x000000078a000000 NTAMS 0x000000078a000000 space 32768K,   0% used [0x000000078a000000, 0x000000078c000000)
AC   0  F    TS     5 PTAMS 0x000000078c000000 NTAMS 0x000000078c000000 space 32768K,   0% used [0x000000078c000000, 0x000000078e000000)
AC   0  F    TS     7 PTAMS 0x000000078e000000 NTAMS 0x000000078e000000 space 32768K,   0% used [0x000000078e000000, 0x0000000790000000)
AC   0  F    TS     9 PTAMS 0x0000000790000000 NTAMS 0x0000000790000000 space 32768K,   0% used [0x0000000790000000, 0x0000000792000000)
AC   0  F    TS     7 PTAMS 0x0000000792000000 NTAMS 0x0000000792000000 space 32768K,   0% used [0x0000000792000000, 0x0000000794000000)
AC   0  F    TS     7 PTAMS 0x0000000794000000 NTAMS 0x0000000794000000 space 32768K,   0% used [0x0000000794000000, 0x0000000796000000)
AC   0  F    TS     7 PTAMS 0x0000000796000000 NTAMS 0x0000000796000000 space 32768K,   0% used [0x0000000796000000, 0x0000000798000000)
AC   0  F    TS    11 PTAMS 0x0000000798000000 NTAMS 0x0000000798000000 space 32768K,   0% used [0x0000000798000000, 0x000000079a000000)
AC   0  F    TS     9 PTAMS 0x000000079a000000 NTAMS 0x000000079a000000 space 32768K,   0% used [0x000000079a000000, 0x000000079c000000)
AC   0  F    TS     9 PTAMS 0x000000079c000000 NTAMS 0x000000079c000000 space 32768K,   0% used [0x000000079c000000, 0x000000079e000000)
AC   0  F    TS     9 PTAMS 0x000000079e000000 NTAMS 0x000000079e000000 space 32768K,   0% used [0x000000079e000000, 0x00000007a0000000)
AC   0  F    TS    13 PTAMS 0x00000007a0000000 NTAMS 0x00000007a0000000 space 32768K,   0% used [0x00000007a0000000, 0x00000007a2000000)
AC   0  F    TS    11 PTAMS 0x00000007a2000000 NTAMS 0x00000007a2000000 space 32768K,   0% used [0x00000007a2000000, 0x00000007a4000000)
AC   0  F    TS    11 PTAMS 0x00000007a4000000 NTAMS 0x00000007a4000000 space 32768K,   0% used [0x00000007a4000000, 0x00000007a6000000)
AC   0  F    TS    15 PTAMS 0x00000007a6000000 NTAMS 0x00000007a6000000 space 32768K,   0% used [0x00000007a6000000, 0x00000007a8000000)
AC   0  F    TS    13 PTAMS 0x00000007a8000000 NTAMS 0x00000007a8000000 space 32768K,   0% used [0x00000007a8000000, 0x00000007aa000000)
AC   0  F    TS    17 PTAMS 0x00000007aa000000 NTAMS 0x00000007aa000000 space 32768K,   0% used [0x00000007aa000000, 0x00000007ac000000)
AC   0  F    TS    13 PTAMS 0x00000007ac000000 NTAMS 0x00000007ac000000 space 32768K,   0% used [0x00000007ac000000, 0x00000007ae000000)
AC   0  F    TS    19 PTAMS 0x00000007ae000000 NTAMS 0x00000007ae000000 space 32768K,   0% used [0x00000007ae000000, 0x00000007b0000000)
AC   0  F    TS    21 PTAMS 0x00000007b0000000 NTAMS 0x00000007b0000000 space 32768K,   0% used [0x00000007b0000000, 0x00000007b2000000)
AC   0  S CS TS    23 PTAMS 0x00000007b2000000 NTAMS 0x00000007b2000000 space 32768K,  73% used [0x00000007b2000000, 0x00000007b4000000)
AC   0  F    TS    17 PTAMS 0x00000007b4000000 NTAMS 0x00000007b4000000 space 32768K,   0% used [0x00000007b4000000, 0x00000007b6000000)
AC   0  F    TS    19 PTAMS 0x00000007b6000000 NTAMS 0x00000007b6000000 space 32768K,   0% used [0x00000007b6000000, 0x00000007b8000000)
AC   0  F    TS    21 PTAMS 0x00000007b8000000 NTAMS 0x00000007b8000000 space 32768K,   0% used [0x00000007b8000000, 0x00000007ba000000)

Card table byte_map: [0x00000000137c0000,0x0000000013d20000] byte_map_base: 0x000000000ff20000

Marking Bits (Prev, Next): (CMBitMap*) 0x0000000002200cf8, (CMBitMap*) 0x0000000002200d50
 Prev Bits: [0x0000000014280000, 0x0000000016d80000)
 Next Bits: [0x0000000016d80000, 0x0000000019880000)

Polling page: 0x0000000000230000

CodeCache: size=245760Kb used=11452Kb max_used=11522Kb free=234307Kb
 bounds [0x0000000002930000, 0x0000000003480000, 0x0000000011930000]
 total_blobs=4362 nmethods=3675 adapters=599
 compilation: enabled

Compilation events (10 events):
Event: 13.926 Thread 0x000000001c261800 4361       4       com.mojang.datafixers.types.templates.Product$ProductType::equals (55 bytes)
Event: 13.928 Thread 0x000000001c261800 nmethod 4361 0x00000000033f17d0 code [0x00000000033f1920, 0x00000000033f1b58]
Event: 13.934 Thread 0x000000001c266000 4362       4       com.mojang.datafixers.functions.PointFreeRule$SortInj::doRewrite (190 bytes)
Event: 13.941 Thread 0x000000001c266000 nmethod 4362 0x0000000003465990 code [0x0000000003465b60, 0x0000000003466088]
Event: 13.952 Thread 0x000000001c270800 4363       3       com.mojang.datafixers.types.templates.CompoundList::hashCode (15 bytes)
Event: 13.952 Thread 0x000000001c270800 nmethod 4363 0x0000000003455250 code [0x00000000034553e0, 0x00000000034557c8]
Event: 13.980 Thread 0x000000001c261800 4364       4       com.mojang.datafixers.types.templates.TaggedChoice$TaggedChoiceType$$Lambda$1384/38016981::apply (8 bytes)
Event: 13.981 Thread 0x000000001c261800 nmethod 4364 0x0000000002fd0350 code [0x0000000002fd04a0, 0x0000000002fd0558]
Event: 13.999 Thread 0x000000001c266000 4365       4       java.lang.String::toLowerCase (439 bytes)
Event: 14.031 Thread 0x000000001c266000 nmethod 4365 0x000000000346a590 code [0x000000000346a740, 0x000000000346b078]

GC Heap History (10 events):
Event: 13.902 GC heap after
Heap after GC invocations=24 (full 0):
 garbage-first heap   total 2523136K, used 209242K [0x0000000714000000, 0x0000000716000268, 0x00000007c0000000)
  region size 32768K, 1 young (32768K), 1 survivors (32768K)
 Metaspace       used 50302K, capacity 53726K, committed 53832K, reserved 1095680K
  class space    used 5668K, capacity 6721K, committed 6728K, reserved 1048576K
}
Event: 14.001 GC heap before
{Heap before GC invocations=24 (full 0):
 garbage-first heap   total 2523136K, used 307546K [0x0000000714000000, 0x0000000716000268, 0x00000007c0000000)
  region size 32768K, 4 young (131072K), 1 survivors (32768K)
 Metaspace       used 50315K, capacity 53726K, committed 53832K, reserved 1095680K
  class space    used 5671K, capacity 6721K, committed 6728K, reserved 1048576K
Event: 14.023 GC heap after
Heap after GC invocations=25 (full 0):
 garbage-first heap   total 2588672K, used 212904K [0x0000000714000000, 0x0000000716000278, 0x00000007c0000000)
  region size 32768K, 1 young (32768K), 1 survivors (32768K)
 Metaspace       used 50315K, capacity 53726K, committed 53832K, reserved 1095680K
  class space    used 5671K, capacity 6721K, committed 6728K, reserved 1048576K
}
Event: 14.138 GC heap before
{Heap before GC invocations=25 (full 0):
 garbage-first heap   total 2588672K, used 311208K [0x0000000714000000, 0x0000000716000278, 0x00000007c0000000)
  region size 32768K, 4 young (131072K), 1 survivors (32768K)
 Metaspace       used 50337K, capacity 53726K, committed 53832K, reserved 1095680K
  class space    used 5676K, capacity 6721K, committed 6728K, reserved 1048576K
Event: 14.164 GC heap after
Heap after GC invocations=26 (full 0):
 garbage-first heap   total 2654208K, used 210936K [0x0000000714000000, 0x0000000716000288, 0x00000007c0000000)
  region size 32768K, 1 young (32768K), 1 survivors (32768K)
 Metaspace       used 50337K, capacity 53726K, committed 53832K, reserved 1095680K
  class space    used 5676K, capacity 6721K, committed 6728K, reserved 1048576K
}
Event: 14.264 GC heap before
{Heap before GC invocations=26 (full 0):
 garbage-first heap   total 2654208K, used 309240K [0x0000000714000000, 0x0000000716000288, 0x00000007c0000000)
  region size 32768K, 4 young (131072K), 1 survivors (32768K)
 Metaspace       used 50387K, capacity 53790K, committed 54088K, reserved 1097728K
  class space    used 5679K, capacity 6721K, committed 6728K, reserved 1048576K
Event: 14.288 GC heap after
Heap after GC invocations=27 (full 0):
 garbage-first heap   total 2686976K, used 206045K [0x0000000714000000, 0x0000000716000290, 0x00000007c0000000)
  region size 32768K, 1 young (32768K), 1 survivors (32768K)
 Metaspace       used 50387K, capacity 53790K, committed 54088K, reserved 1097728K
  class space    used 5679K, capacity 6721K, committed 6728K, reserved 1048576K
}
Event: 14.349 GC heap before
{Heap before GC invocations=27 (full 0):
 garbage-first heap   total 2686976K, used 304349K [0x0000000714000000, 0x0000000716000290, 0x00000007c0000000)
  region size 32768K, 4 young (131072K), 1 survivors (32768K)
 Metaspace       used 50387K, capacity 53790K, committed 54088K, reserved 1097728K
  class space    used 5679K, capacity 6721K, committed 6728K, reserved 1048576K
Event: 14.385 GC heap after
Heap after GC invocations=28 (full 0):
 garbage-first heap   total 2719744K, used 212529K [0x0000000714000000, 0x0000000716000298, 0x00000007c0000000)
  region size 32768K, 1 young (32768K), 1 survivors (32768K)
 Metaspace       used 50387K, capacity 53790K, committed 54088K, reserved 1097728K
  class space    used 5679K, capacity 6721K, committed 6728K, reserved 1048576K
}
Event: 14.466 GC heap before
{Heap before GC invocations=28 (full 0):
 garbage-first heap   total 2719744K, used 310833K [0x0000000714000000, 0x0000000716000298, 0x00000007c0000000)
  region size 32768K, 4 young (131072K), 1 survivors (32768K)
 Metaspace       used 50387K, capacity 53790K, committed 54088K, reserved 1097728K
  class space    used 5679K, capacity 6721K, committed 6728K, reserved 1048576K

Deoptimization events (10 events):
Event: 12.692 Thread 0x000000001f366800 Uncommon trap: reason=class_check action=maybe_recompile pc=0x000000000325a768 method=com.mojang.datafixers.types.templates.Named.equals(Ljava/lang/Object;)Z @ 8
Event: 12.692 Thread 0x000000001f366800 Uncommon trap: reason=class_check action=maybe_recompile pc=0x000000000325a768 method=com.mojang.datafixers.types.templates.Named.equals(Ljava/lang/Object;)Z @ 8
Event: 12.724 Thread 0x000000001f366800 Uncommon trap: reason=class_check action=maybe_recompile pc=0x000000000325a768 method=com.mojang.datafixers.types.templates.Named.equals(Ljava/lang/Object;)Z @ 8
Event: 12.724 Thread 0x000000001f366800 Uncommon trap: reason=class_check action=maybe_recompile pc=0x000000000325a768 method=com.mojang.datafixers.types.templates.Named.equals(Ljava/lang/Object;)Z @ 8
Event: 13.286 Thread 0x00000000021bc000 Uncommon trap: reason=null_check action=make_not_entrant pc=0x0000000002e48828 method=java.lang.Boolean.equals(Ljava/lang/Object;)Z @ 1
Event: 13.496 Thread 0x00000000021bc000 Uncommon trap: reason=unstable_if action=reinterpret pc=0x0000000002fd0e1c method=com.sun.nio.zipfs.ZipFileSystem.getParent([B)[B @ 21
Event: 13.616 Thread 0x00000000021bc000 Uncommon trap: reason=unstable_if action=reinterpret pc=0x00000000030ff240 method=java.util.stream.AbstractPipeline.copyIntoWithCancel(Ljava/util/stream/Sink;Ljava/util/Spliterator;)V @ 6
Event: 13.726 Thread 0x0000000020c36000 Uncommon trap: reason=unstable_if action=reinterpret pc=0x00000000031d5430 method=com.mojang.datafixers.types.templates.Tag$TagType.equals(Ljava/lang/Object;ZZ)Z @ 42
Event: 13.841 Thread 0x000000001f366800 Uncommon trap: reason=unstable_if action=reinterpret pc=0x0000000002ff7a6c method=com.mojang.datafixers.functions.PointFreeRule$SortInj.doRewrite(Lcom/mojang/datafixers/types/Type;Lcom/mojang/datafixers/types/Type;Lcom/mojang/datafixers/functions/PointFre
Event: 13.926 Thread 0x0000000020c36000 Uncommon trap: reason=null_check action=make_not_entrant pc=0x000000000315c128 method=com.mojang.datafixers.types.templates.Product$ProductType.equals(Ljava/lang/Object;ZZ)Z @ 1

Classes redefined (0 events):
No events

Internal exceptions (10 events):
Event: 12.026 Thread 0x00000000021bc000 Exception <a 'java/lang/NoSuchMethodError': java.lang.Object.lambda$ã¤®ãµ‹å‹“ç’±æ¬ìˆ©$0(Lcom/mojang/serialization/Codec;)Lcom/mojang/serialization/Codec;> (0x0000000720e17ca0) thrown at [C:\re\workspace\8-2-build-windows-amd64-cygwin\jdk8u202\12323\hotsp
Event: 12.053 Thread 0x00000000021bc000 Exception <a 'java/lang/NoSuchMethodError': java.lang.Object.lambda$é ¿ë½–è¬á‹‹å…¬çƒ$0(LäŸ‚â·Œá‹‹í…±è²Š/áˆã¹µéž·è²®èŽ‰ï¦•;Læ»†ë¬«ï¥æ¶™ä½’/ä¶¯ã”„ä¥µå§¬á º/å¿¡ã“Ÿçµ’ë»¾ìŸ¾ë½–;)Læ»†ë¬«ï¥æ¶™ä½’/ä¶¯ã”„ä¥µå§¬á º/å¿¡ã“Ÿçµ’ë»¾ìŸ¾ë½–;> (0x000000072154ca38) th
Event: 12.215 Thread 0x00000000021bc000 Exception <a 'java/lang/NoSuchMethodError': java.lang.Object.í…˜á†‡ë…±é˜æ‰Žéž·()Lã¯‰æŸ©ì¡¿äŸ‚å½/æ±’ë†¹ìŸ¾ì¾¯å´ ;> (0x0000000720b17498) thrown at [C:\re\workspace\8-2-build-windows-amd64-cygwin\jdk8u202\12323\hotspot\src\share\vm\interpreter\linkResolver
Event: 12.216 Thread 0x00000000021bc000 Exception <a 'java/lang/NoSuchMethodError': java.lang.Object.è“è“à¨†ë¿±å‡ºìŸ¾()Lç±«ç±«ë»¾ã¡›ã°¥/íŸ¨à €êº‡è¶á º/ç±«ë·­à®Žâ·Œè²Š/í„®á›¶è¶˜ä°„á›¶/ã¯–ë…±ì“’æ­Ÿæ®¹;> (0x0000000720b22930) thrown at [C:\re\workspace\8-2-build-windows-amd64-cygwin\jdk8u202\123
Event: 12.269 Thread 0x00000000021bc000 Exception <a 'java/lang/NoSuchMethodError': java.lang.Object.lambda$ë…±ì¾¯ë¸£ìº¸ìˆ©ê¹$0()Lå…¬ãµ¤ç†ë…±æ­Ÿ/äŸ‚ç’±æ‘¼ä‘¬ä¶…ëŒ­;> (0x000000071ada6f60) thrown at [C:\re\workspace\8-2-build-windows-amd64-cygwin\jdk8u202\12323\hotspot\src\share\vm\interpreter\
Event: 12.366 Thread 0x000000001f366800 Exception <a 'java/lang/NoSuchMethodError': java.lang.Object.lambda$rewrite$0(Lcom/mojang/datafixers/View;Lcom/mojang/datafixers/functions/PointFree;)Lcom/mojang/datafixers/View;> (0x000000071c091aa0) thrown at [C:\re\workspace\8-2-build-windows-amd64-cyg
Event: 13.286 Thread 0x00000000021bc000 Implicit null exception at 0x0000000002e487ec to 0x0000000002e4881b
Event: 13.513 Thread 0x00000000021bc000 Exception <a 'java/lang/NoSuchMethodError': java.lang.Object.lambda$ê˜Ÿãœ‘í”£ë»¾é€³äª³$0(Lnet/minecraft/util/text/ITextComponent;)Lnet/minecraft/util/text/ITextComponent;> (0x0000000794f2b340) thrown at [C:\re\workspace\8-2-build-windows-amd64-cygwin\jdk8
Event: 13.513 Thread 0x00000000021bc000 Exception <a 'java/lang/NoSuchMethodError': java.lang.Object.lambda$å†²è®°æµã©¢èœ½ä‘¬$1(Lnet/minecraft/util/text/ITextComponent;Lnet/minecraft/util/text/ITextComponent;)Lnet/minecraft/util/text/ITextComponent;> (0x0000000794f2da50) thrown at [C:\re\works
Event: 13.926 Thread 0x0000000020c36000 Implicit null exception at 0x000000000315bf97 to 0x000000000315c119

Events (10 events):
Event: 14.192 loading class sun/security/util/DerValue
Event: 14.199 loading class sun/security/util/DerValue done
Event: 14.200 loading class sun/security/util/DerInputStream
Event: 14.247 loading class sun/security/util/DerInputStream done
Event: 14.247 loading class sun/security/util/DerInputBuffer
Event: 14.261 Executing VM operation: G1IncCollectionPause
Event: 14.288 Executing VM operation: G1IncCollectionPause done
Event: 14.349 Executing VM operation: G1IncCollectionPause
Event: 14.385 Executing VM operation: G1IncCollectionPause done
Event: 14.459 Executing VM operation: G1IncCollectionPause


Dynamic libraries:
0x000000013fbb0000 - 0x000000013fbe7000 	C:\Users\Roma\AppData\Roaming\.minecraft\Sigma\jre1.8.0_202\bin\java.exe
0x00000000775a0000 - 0x000000007773f000 	C:\Windows\SYSTEM32\ntdll.dll
0x0000000077480000 - 0x000000007759f000 	C:\Windows\system32\kernel32.dll
0x000007fefd3c0000 - 0x000007fefd427000 	C:\Windows\system32\KERNELBASE.dll
0x000007feff650000 - 0x000007feff72b000 	C:\Windows\system32\ADVAPI32.dll
0x000007feff730000 - 0x000007feff7cf000 	C:\Windows\system32\msvcrt.dll
0x000007fefdd00000 - 0x000007fefdd1f000 	C:\Windows\SYSTEM32\sechost.dll
0x000007feff520000 - 0x000007feff64c000 	C:\Windows\system32\RPCRT4.dll
0x0000000077380000 - 0x000000007747b000 	C:\Windows\system32\USER32.dll
0x000007fefdea0000 - 0x000007fefdf07000 	C:\Windows\system32\GDI32.dll
0x000007feff7d0000 - 0x000007feff7de000 	C:\Windows\system32\LPK.dll
0x000007fefd4b0000 - 0x000007fefd57b000 	C:\Windows\system32\USP10.dll
0x000007fefb6f0000 - 0x000007fefb8e5000 	C:\Windows\WinSxS\amd64_microsoft.windows.common-controls_6595b64144ccf1df_6.0.7601.24483_none_e372d88f30fbb845\COMCTL32.dll
0x000007feff450000 - 0x000007feff4c1000 	C:\Windows\system32\SHLWAPI.dll
0x000007feff220000 - 0x000007feff24e000 	C:\Windows\system32\IMM32.DLL
0x000007fefe1f0000 - 0x000007fefe2fb000 	C:\Windows\system32\MSCTF.dll
0x0000000072910000 - 0x00000000729e2000 	C:\Users\Roma\AppData\Roaming\.minecraft\Sigma\jre1.8.0_202\bin\msvcr100.dll
0x00000000678d0000 - 0x0000000068175000 	C:\Users\Roma\AppData\Roaming\.minecraft\Sigma\jre1.8.0_202\bin\server\jvm.dll
0x000007fef8980000 - 0x000007fef8989000 	C:\Windows\system32\WSOCK32.dll
0x000007feff4d0000 - 0x000007feff51d000 	C:\Windows\system32\WS2_32.dll
0x000007feff880000 - 0x000007feff888000 	C:\Windows\system32\NSI.dll
0x000007fef8990000 - 0x000007fef89cb000 	C:\Windows\system32\WINMM.dll
0x000007fefc1b0000 - 0x000007fefc1bc000 	C:\Windows\system32\VERSION.dll
0x0000000077740000 - 0x0000000077747000 	C:\Windows\system32\PSAPI.DLL
0x000007fef1d10000 - 0x000007fef1d1f000 	C:\Users\Roma\AppData\Roaming\.minecraft\Sigma\jre1.8.0_202\bin\verify.dll
0x000007fef1ce0000 - 0x000007fef1d09000 	C:\Users\Roma\AppData\Roaming\.minecraft\Sigma\jre1.8.0_202\bin\java.dll
0x000007fef1cc0000 - 0x000007fef1cd6000 	C:\Users\Roma\AppData\Roaming\.minecraft\Sigma\jre1.8.0_202\bin\zip.dll
0x000007fefe300000 - 0x000007feff08b000 	C:\Windows\system32\SHELL32.dll
0x000007feff250000 - 0x000007feff44f000 	C:\Windows\system32\ole32.dll
0x000007fefd100000 - 0x000007fefd10f000 	C:\Windows\system32\profapi.dll
0x000007fef1cb0000 - 0x000007fef1cbd000 	C:\Users\Roma\AppData\Roaming\.minecraft\Sigma\jre1.8.0_202\bin\management.dll
0x000007fef1c90000 - 0x000007fef1caa000 	C:\Users\Roma\AppData\Roaming\.minecraft\Sigma\jre1.8.0_202\bin\net.dll
0x000007feff090000 - 0x000007feff21a000 	C:\Windows\system32\urlmon.dll
0x000007fefd2a0000 - 0x000007fefd2a4000 	C:\Windows\system32\api-ms-win-downlevel-ole32-l1-1-0.dll
0x000007fefd3b0000 - 0x000007fefd3b4000 	C:\Windows\system32\api-ms-win-downlevel-shlwapi-l1-1-0.dll
0x000007fefd110000 - 0x000007fefd115000 	C:\Windows\system32\api-ms-win-downlevel-advapi32-l1-1-0.dll
0x000007fefd290000 - 0x000007fefd294000 	C:\Windows\system32\api-ms-win-downlevel-user32-l1-1-0.dll
0x000007fefd430000 - 0x000007fefd434000 	C:\Windows\system32\api-ms-win-downlevel-version-l1-1-0.dll
0x000007fefd4a0000 - 0x000007fefd4a3000 	C:\Windows\system32\api-ms-win-downlevel-normaliz-l1-1-0.dll
0x0000000077750000 - 0x0000000077753000 	C:\Windows\system32\normaliz.DLL
0x000007fefda30000 - 0x000007fefdcfc000 	C:\Windows\system32\iertutil.dll
0x000007fefd580000 - 0x000007fefda2c000 	C:\Windows\system32\WININET.dll
0x000007fefd390000 - 0x000007fefd3af000 	C:\Windows\system32\USERENV.dll
0x000007fefc870000 - 0x000007fefc8c5000 	C:\Windows\system32\mswsock.dll
0x000007fefc860000 - 0x000007fefc867000 	C:\Windows\System32\wship6.dll
0x000007fefa3f0000 - 0x000007fefa405000 	C:\Windows\system32\NLAapi.dll
0x000007fef8960000 - 0x000007fef8975000 	C:\Windows\system32\napinsp.dll
0x000007fef8940000 - 0x000007fef8959000 	C:\Windows\system32\pnrpnsp.dll
0x000007fefc6f0000 - 0x000007fefc74b000 	C:\Windows\system32\DNSAPI.dll
0x000007fef8930000 - 0x000007fef893b000 	C:\Windows\System32\winrnr.dll
0x000007fefa2b0000 - 0x000007fefa2d7000 	C:\Windows\system32\IPHLPAPI.DLL
0x000007fefa290000 - 0x000007fefa29b000 	C:\Windows\system32\WINNSI.DLL
0x000007fefa100000 - 0x000007fefa153000 	C:\Windows\System32\fwpuclnt.dll
0x000007fef6e10000 - 0x000007fef6e18000 	C:\Windows\system32\rasadhlp.dll
0x000007fef1c70000 - 0x000007fef1c82000 	C:\Users\Roma\AppData\Roaming\.minecraft\Sigma\jre1.8.0_202\bin\nio.dll
0x000007fefc8d0000 - 0x000007fefc8e8000 	C:\Windows\system32\CRYPTSP.dll
0x000007fefc5d0000 - 0x000007fefc617000 	C:\Windows\system32\rsaenh.dll
0x000007fefcf90000 - 0x000007fefcf9f000 	C:\Windows\system32\CRYPTBASE.dll
0x000007fefa1c0000 - 0x000007fefa1d8000 	C:\Windows\system32\dhcpcsvc.DLL
0x000007fefa160000 - 0x000007fefa171000 	C:\Windows\system32\dhcpcsvc6.DLL

VM Arguments:
jvm_args: -Djava.net.preferIPv4Stack=true -Xmn128M -Xmx2740M -XX:HeapDumpPath=MojangTricksIntelDriversForPerformance_javaw.exe_minecraft.exe.heapdump -Xss1M -Djava.library.path=C:\Users\Roma\AppData\Roaming\.minecraft\versions\Sigma5\natives -Dminecraft.launcher.brand=minecraft-launcher -Dminecraft.launcher.version=2.0.1003 -Xverify:none -Dminecraft.applet.TargetDirectory=C:\Users\Roma\AppData\Roaming\.minecraft -XX:+UnlockExperimentalVMOptions -XX:+UseG1GC -XX:G1NewSizePercent=20 -XX:G1ReservePercent=20 -XX:MaxGCPauseMillis=50 -XX:G1HeapRegionSize=32M -Dfml.ignoreInvalidMinecraftCertificates=true -Dfml.ignorePatchDiscrepancies=true 
java_command: net.minecraft.client.main.Main --username fivesix --version Sigma5 --gameDir C:\Users\Roma\AppData\Roaming\.minecraft --assetsDir C:\Users\Roma\AppData\Roaming\.minecraft\assets --assetIndex 1.15 --uuid 00000000-0000-0000-0000-000000000000 --accessToken null --userType legacy --versionType release --width 925 --height 530
java_class_path (initial): C:\Users\Roma\AppData\Roaming\.minecraft\Sigma\versions\1.16.4\1.16.4.jar;C:\Users\Roma\AppData\Roaming\.minecraft\libraries\com\mojang\patchy\1.1\patchy-1.1.jar;C:\Users\Roma\AppData\Roaming\.minecraft\libraries\oshi-project\oshi-core\1.1\oshi-core-1.1.jar;C:\Users\Roma\AppData\Roaming\.minecraft\libraries\net\java\dev\jna\jna\4.4.0\jna-4.4.0.jar;C:\Users\Roma\AppData\Roaming\.minecraft\libraries\net\java\dev\jna\platform\3.4.0\platform-3.4.0.jar;C:\Users\Roma\AppData\Roaming\.minecraft\libraries\com\ibm\icu\icu4j\66.1\icu4j-66.1.jar;C:\Users\Roma\AppData\Roaming\.minecraft\libraries\com\mojang\javabridge\1.0.22\javabridge-1.0.22.jar;C:\Users\Roma\AppData\Roaming\.minecraft\libraries\net\sf\jopt-simple\jopt-simple\5.0.3\jopt-simple-5.0.3.jar;C:\Users\Roma\AppData\Roaming\.minecraft\libraries\io\netty\netty-all\4.1.25.Final\netty-all-4.1.25.Final.jar;C:\Users\Roma\AppData\Roaming\.minecraft\libraries\com\google\guava\guava\21.0\guava-21.0.jar;C:\Users\Roma\AppData\Roaming\.minecraft\libraries\org\apache\commons\commons-lang3\3.5\commons-lang3-3.5.jar;C:\Users\Roma\AppData\Roaming\.minecraft\libraries\commons-io\commons-io\2.5\commons-io-2.5.jar;C:\Users\Roma\AppData\Roaming\.minecraft\libraries\commons-codec\commons-codec\1.10\commons-codec-1.10.jar;C:\Users\Roma\AppData\Roaming\.minecraft\libraries\net\java\jinput\jinput\2.0.5\jinput-2.0.5.jar;C:\Users\Roma\AppData\Roaming\.minecraft\libraries\net\java\jutils\jutils\1.0.0\jutils-1.0.0.jar;C:\Users\Roma\AppData\Roaming\.minecraft\libraries\com\mojang\brigadier\1.0.17\brigadier-1.0.17.jar;C:\Users\Roma\AppData\Roaming\.minecraft\libraries\com\mojang\datafixerupper\4.0.26\datafixerupper-4.0.26.jar;C:\Users\Roma\AppData\Roaming\.minecraft\libraries\com\google\code\gson\gson\2.8.0\gson-2.8.0.jar;C:\Users\Roma\AppData\Roaming\.minecraft\libraries\com\mojang\authlib\2.0.27\authlib-2.0.27.jar;C:\Users\Roma\AppData\Roaming\.minecraft\libraries\org\apache\commons\commons-compress\1.8.1\commons-co
Launcher Type: SUN_STANDARD

Environment Variables:
PATH=C:\Program Files (x86)\Common Files\Oracle\Java\javapath;C:\ProgramData\Oracle\Java\javapath;C:\Program Files (x86)\Intel\iCLS Client\;C:\Program Files\Intel\iCLS Client\;C:\Windows\system32;C:\Windows;C:\Windows\System32\Wbem;C:\Windows\System32\WindowsPowerShell\v1.0\;C:\Program Files (x86)\NVIDIA Corporation\PhysX\Common;C:\Program Files\Intel\Intel(R) Management Engine Components\DAL;C:\Program Files\Intel\Intel(R) Management Engine Components\IPT;C:\Program Files (x86)\Intel\Intel(R) Management Engine Components\DAL;C:\Program Files (x86)\Intel\Intel(R) Management Engine Components\IPT;C:\Program Files\;C:\Users\Roma\AppData\Roaming\npm;F:\Microsoft VS Code\bin;C:\Program Files\Java\jre1.8.0_271\bin
USERNAME=Roma
OS=Windows_NT
PROCESSOR_IDENTIFIER=Intel64 Family 6 Model 60 Stepping 3, GenuineIntel



---------------  S Y S T E M  ---------------

OS: Windows 7 , 64 bit Build 7601 (6.1.7601.24545)

CPU:total 4 (initial active 4) (4 cores per cpu, 1 threads per core) family 6 model 60 stepping 3, cmov, cx8, fxsr, mmx, sse, sse2, sse3, ssse3, sse4.1, sse4.2, popcnt, avx, avx2, aes, clmul, erms, lzcnt, tsc, tscinvbit, bmi1, bmi2

Memory: 4k page, physical 8276036k(245600k free), swap 26185952k(574192k free)

vm_info: Java HotSpot(TM) 64-Bit Server VM (25.202-b08) for windows-amd64 JRE (1.8.0_202-b08), built on Dec 15 2018 19:54:30 by "java_re" with MS VC++ 10.0 (VS2010)

time: Sat Jan 09 23:17:47 2021
timezone: Îìñêîå ñòàíäàðòíîå âðåìÿ
elapsed time: 22 seconds (0d 0h 0m 22s)

